<?xml version="1.0" encoding="UTF-8"?>
<testsuites name="TestSuite1" time="9" tests="0" failures="1" errors="0">
   <testsuite name="TestSuite1" tests="0" failures="1" errors="0" time="9" timestamp="2018-03-20 18:39:05" hostname="Petko - PETBUL" id="Test Suites/TestSuite1">
      <properties>
         <property name="deviceName" value=""/>
         <property name="devicePlatform" value=""/>
         <property name="logFolder" value="C:\\Users\\Petko\\Katalon Studio\\QAWorksAcceptanceTestContactForm\\Reports\\TestSuite1\\20180320_183858"/>
         <property name="logFiles" value="C:\\Users\\Petko\\Katalon Studio\\QAWorksAcceptanceTestContactForm\\Reports\\TestSuite1\\20180320_183858\\execution0.log, C:\\Users\\Petko\\Katalon Studio\\QAWorksAcceptanceTestContactForm\\Reports\\TestSuite1\\20180320_183858\\IEDriverServer.log"/>
         <property name="attachments" value=""/>
         <property name="hostName" value="Petko - PETBUL"/>
         <property name="os" value="Windows 8.1 64bit"/>
         <property name="katalonVersion" value="5.3.1.1"/>
         <property name="browser" value="IE 11"/>
         <property name="hostAddress" value="192.168.112.1"/>
         <property name="sessionId" value="97bac135-1e2f-43ef-b1ed-6a0aaaed7d90"/>
         <property name="seleniumVersion" value="3.7.1"/>
         <property name="proxyInformation" value="ProxyInformation{proxyOption=NO_PROXY, proxyServerType=HTTP, password=, proxyServerAddress=, proxyServerPort=0}"/>
         <property name="platform" value="Windows 8.1"/>
      </properties>
      <testcase name="Test Cases/TestCase01" classname="Test Cases/TestCase01" status="FAILED">
         <failure type="FAILED" message="Unable to click on object 'Object Repository/Page_QAWorks Limited - Software Qua/span_CONTACT US' (Root cause: org.openqa.selenium.NoSuchWindowException: Unable to find elements on closed window
Build info: version: '3.7.1', revision: '8a0099a', time: '2017-11-06T21:07:36.161Z'
System info: host: 'PETBUL', ip: '192.168.112.1', os.name: 'Windows 8.1', os.arch: 'amd64', os.version: '6.3', java.version: '1.8.0_102'
Driver info: com.kms.katalon.selenium.driver.CInternetExplorerDriver
Capabilities {acceptInsecureCerts: false, browserName: internet explorer, browserVersion: 11, javascriptEnabled: true, pageLoadStrategy: normal, platform: WINDOWS, platformName: WINDOWS, se:ieOptions: {browserAttachTimeout: 0, elementScrollBehavior: 0, enablePersistentHover: true, ie.browserCommandLineSwitches: , ie.ensureCleanSession: false, ie.fileUploadDialogTimeout: 3000, ie.forceCreateProcessApi: false, ignoreProtectedModeSettings: false, ignoreZoomSetting: false, initialBrowserUrl: http://localhost:14302/, nativeEvents: true, requireWindowFocus: false}, setWindowRect: true}
Session ID: 97bac135-1e2f-43ef-b1ed-6a0aaaed7d90
*** Element info: {Using=xpath, value=//span[(text() = 'CONTACT US' or . = 'CONTACT US')]})"/>
         <system-out><![CDATA[2018-03-20 18:39:06 - [TEST_CASE][FAILED] - Test Cases/TestCase01: Test Cases/TestCase01 FAILED because (of) Unable to click on object 'Object Repository/Page_QAWorks Limited - Software Qua/span_CONTACT US' (Root cause: org.openqa.selenium.NoSuchWindowException: Unable to find elements on closed window
Build info: version: '3.7.1', revision: '8a0099a', time: '2017-11-06T21:07:36.161Z'
System info: host: 'PETBUL', ip: '192.168.112.1', os.name: 'Windows 8.1', os.arch: 'amd64', os.version: '6.3', java.version: '1.8.0_102'
Driver info: com.kms.katalon.selenium.driver.CInternetExplorerDriver
Capabilities {acceptInsecureCerts: false, browserName: internet explorer, browserVersion: 11, javascriptEnabled: true, pageLoadStrategy: normal, platform: WINDOWS, platformName: WINDOWS, se:ieOptions: {browserAttachTimeout: 0, elementScrollBehavior: 0, enablePersistentHover: true, ie.browserCommandLineSwitches: , ie.ensureCleanSession: false, ie.fileUploadDialogTimeout: 3000, ie.forceCreateProcessApi: false, ignoreProtectedModeSettings: false, ignoreZoomSetting: false, initialBrowserUrl: http://localhost:14302/, nativeEvents: true, requireWindowFocus: false}, setWindowRect: true}
Session ID: 97bac135-1e2f-43ef-b1ed-6a0aaaed7d90
*** Element info: {Using=xpath, value=//span[(text() = 'CONTACT US' or . = 'CONTACT US')]})

2018-03-20 18:39:07 - [TEST_STEP][FAILED] - Statement - For ([row = 1, row <= com.kms.katalon.core.testdata.TestDataFactory.findTestData(TestDataQAWorksAcceptanceContactForm).getRowNumbers(), (row++)]): Unable to click on object 'Object Repository/Page_QAWorks Limited - Software Qua/span_CONTACT US' (Root cause: org.openqa.selenium.NoSuchWindowException: Unable to find elements on closed window
Build info: version: '3.7.1', revision: '8a0099a', time: '2017-11-06T21:07:36.161Z'
System info: host: 'PETBUL', ip: '192.168.112.1', os.name: 'Windows 8.1', os.arch: 'amd64', os.version: '6.3', java.version: '1.8.0_102'
Driver info: com.kms.katalon.selenium.driver.CInternetExplorerDriver
Capabilities {acceptInsecureCerts: false, browserName: internet explorer, browserVersion: 11, javascriptEnabled: true, pageLoadStrategy: normal, platform: WINDOWS, platformName: WINDOWS, se:ieOptions: {browserAttachTimeout: 0, elementScrollBehavior: 0, enablePersistentHover: true, ie.browserCommandLineSwitches: , ie.ensureCleanSession: false, ie.fileUploadDialogTimeout: 3000, ie.forceCreateProcessApi: false, ignoreProtectedModeSettings: false, ignoreZoomSetting: false, initialBrowserUrl: http://localhost:14302/, nativeEvents: true, requireWindowFocus: false}, setWindowRect: true}
Session ID: 97bac135-1e2f-43ef-b1ed-6a0aaaed7d90
*** Element info: {Using=xpath, value=//span[(text() = 'CONTACT US' or . = 'CONTACT US')]})

2018-03-20 18:39:08 - [TEST_STEP][PASSED] - openBrowser: Browser is opened with url: ''

2018-03-20 18:39:13 - [MESSAGE][PASSED] - Browser is opened with url: ''

2018-03-20 18:39:13 - [TEST_STEP][PASSED] - navigateToUrl: Navigate to 'http://www.qaworks.com/' successfully

2018-03-20 18:39:13 - [MESSAGE][PASSED] - Navigate to 'http://www.qaworks.com/' successfully

2018-03-20 18:39:13 - [TEST_STEP][FAILED] - click: Unable to click on object 'Object Repository/Page_QAWorks Limited - Software Qua/span_CONTACT US' (Root cause: org.openqa.selenium.NoSuchWindowException: Unable to find elements on closed window
Build info: version: '3.7.1', revision: '8a0099a', time: '2017-11-06T21:07:36.161Z'
System info: host: 'PETBUL', ip: '192.168.112.1', os.name: 'Windows 8.1', os.arch: 'amd64', os.version: '6.3', java.version: '1.8.0_102'
Driver info: com.kms.katalon.selenium.driver.CInternetExplorerDriver
Capabilities {acceptInsecureCerts: false, browserName: internet explorer, browserVersion: 11, javascriptEnabled: true, pageLoadStrategy: normal, platform: WINDOWS, platformName: WINDOWS, se:ieOptions: {browserAttachTimeout: 0, elementScrollBehavior: 0, enablePersistentHover: true, ie.browserCommandLineSwitches: , ie.ensureCleanSession: false, ie.fileUploadDialogTimeout: 3000, ie.forceCreateProcessApi: false, ignoreProtectedModeSettings: false, ignoreZoomSetting: false, initialBrowserUrl: http://localhost:14302/, nativeEvents: true, requireWindowFocus: false}, setWindowRect: true}
Session ID: 97bac135-1e2f-43ef-b1ed-6a0aaaed7d90
*** Element info: {Using=xpath, value=//span[(text() = 'CONTACT US' or . = 'CONTACT US')]})

2018-03-20 18:39:14 - [MESSAGE][WARNING] - Cannot take screenshot

2018-03-20 18:39:14 - [MESSAGE][FAILED] - Unable to click on object 'Object Repository/Page_QAWorks Limited - Software Qua/span_CONTACT US' (Root cause: org.openqa.selenium.NoSuchWindowException: Unable to find elements on closed window
Build info: version: '3.7.1', revision: '8a0099a', time: '2017-11-06T21:07:36.161Z'
System info: host: 'PETBUL', ip: '192.168.112.1', os.name: 'Windows 8.1', os.arch: 'amd64', os.version: '6.3', java.version: '1.8.0_102'
Driver info: com.kms.katalon.selenium.driver.CInternetExplorerDriver
Capabilities {acceptInsecureCerts: false, browserName: internet explorer, browserVersion: 11, javascriptEnabled: true, pageLoadStrategy: normal, platform: WINDOWS, platformName: WINDOWS, se:ieOptions: {browserAttachTimeout: 0, elementScrollBehavior: 0, enablePersistentHover: true, ie.browserCommandLineSwitches: , ie.ensureCleanSession: false, ie.fileUploadDialogTimeout: 3000, ie.forceCreateProcessApi: false, ignoreProtectedModeSettings: false, ignoreZoomSetting: false, initialBrowserUrl: http://localhost:14302/, nativeEvents: true, requireWindowFocus: false}, setWindowRect: true}
Session ID: 97bac135-1e2f-43ef-b1ed-6a0aaaed7d90
*** Element info: {Using=xpath, value=//span[(text() = 'CONTACT US' or . = 'CONTACT US')]})]]></system-out>
         <system-err><![CDATA[2018-03-20 18:39:06 - [TEST_CASE][FAILED] - Test Cases/TestCase01: Test Cases/TestCase01 FAILED because (of) Unable to click on object 'Object Repository/Page_QAWorks Limited - Software Qua/span_CONTACT US' (Root cause: org.openqa.selenium.NoSuchWindowException: Unable to find elements on closed window
Build info: version: '3.7.1', revision: '8a0099a', time: '2017-11-06T21:07:36.161Z'
System info: host: 'PETBUL', ip: '192.168.112.1', os.name: 'Windows 8.1', os.arch: 'amd64', os.version: '6.3', java.version: '1.8.0_102'
Driver info: com.kms.katalon.selenium.driver.CInternetExplorerDriver
Capabilities {acceptInsecureCerts: false, browserName: internet explorer, browserVersion: 11, javascriptEnabled: true, pageLoadStrategy: normal, platform: WINDOWS, platformName: WINDOWS, se:ieOptions: {browserAttachTimeout: 0, elementScrollBehavior: 0, enablePersistentHover: true, ie.browserCommandLineSwitches: , ie.ensureCleanSession: false, ie.fileUploadDialogTimeout: 3000, ie.forceCreateProcessApi: false, ignoreProtectedModeSettings: false, ignoreZoomSetting: false, initialBrowserUrl: http://localhost:14302/, nativeEvents: true, requireWindowFocus: false}, setWindowRect: true}
Session ID: 97bac135-1e2f-43ef-b1ed-6a0aaaed7d90
*** Element info: {Using=xpath, value=//span[(text() = 'CONTACT US' or . = 'CONTACT US')]})]]></system-err>
      </testcase>
      <system-out><![CDATA[2018-03-20 18:39:05 - [TEST_SUITE][FAILED] - TestSuite1: Test Cases/TestCase01 FAILED because (of) Unable to click on object 'Object Repository/Page_QAWorks Limited - Software Qua/span_CONTACT US' (Root cause: org.openqa.selenium.NoSuchWindowException: Unable to find elements on closed window
Build info: version: '3.7.1', revision: '8a0099a', time: '2017-11-06T21:07:36.161Z'
System info: host: 'PETBUL', ip: '192.168.112.1', os.name: 'Windows 8.1', os.arch: 'amd64', os.version: '6.3', java.version: '1.8.0_102'
Driver info: com.kms.katalon.selenium.driver.CInternetExplorerDriver
Capabilities {acceptInsecureCerts: false, browserName: internet explorer, browserVersion: 11, javascriptEnabled: true, pageLoadStrategy: normal, platform: WINDOWS, platformName: WINDOWS, se:ieOptions: {browserAttachTimeout: 0, elementScrollBehavior: 0, enablePersistentHover: true, ie.browserCommandLineSwitches: , ie.ensureCleanSession: false, ie.fileUploadDialogTimeout: 3000, ie.forceCreateProcessApi: false, ignoreProtectedModeSettings: false, ignoreZoomSetting: false, initialBrowserUrl: http://localhost:14302/, nativeEvents: true, requireWindowFocus: false}, setWindowRect: true}
Session ID: 97bac135-1e2f-43ef-b1ed-6a0aaaed7d90
*** Element info: {Using=xpath, value=//span[(text() = 'CONTACT US' or . = 'CONTACT US')]})]]></system-out>
      <system-err><![CDATA[2018-03-20 18:39:05 - [TEST_SUITE][FAILED] - TestSuite1: Test Cases/TestCase01 FAILED because (of) Unable to click on object 'Object Repository/Page_QAWorks Limited - Software Qua/span_CONTACT US' (Root cause: org.openqa.selenium.NoSuchWindowException: Unable to find elements on closed window
Build info: version: '3.7.1', revision: '8a0099a', time: '2017-11-06T21:07:36.161Z'
System info: host: 'PETBUL', ip: '192.168.112.1', os.name: 'Windows 8.1', os.arch: 'amd64', os.version: '6.3', java.version: '1.8.0_102'
Driver info: com.kms.katalon.selenium.driver.CInternetExplorerDriver
Capabilities {acceptInsecureCerts: false, browserName: internet explorer, browserVersion: 11, javascriptEnabled: true, pageLoadStrategy: normal, platform: WINDOWS, platformName: WINDOWS, se:ieOptions: {browserAttachTimeout: 0, elementScrollBehavior: 0, enablePersistentHover: true, ie.browserCommandLineSwitches: , ie.ensureCleanSession: false, ie.fileUploadDialogTimeout: 3000, ie.forceCreateProcessApi: false, ignoreProtectedModeSettings: false, ignoreZoomSetting: false, initialBrowserUrl: http://localhost:14302/, nativeEvents: true, requireWindowFocus: false}, setWindowRect: true}
Session ID: 97bac135-1e2f-43ef-b1ed-6a0aaaed7d90
*** Element info: {Using=xpath, value=//span[(text() = 'CONTACT US' or . = 'CONTACT US')]})]]></system-err>
   </testsuite>
</testsuites>
