<?xml version="1.0" encoding="UTF-8"?>
<testsuites name="TestSuite1" time="5" tests="0" failures="1" errors="0">
   <testsuite name="TestSuite1" tests="0" failures="1" errors="0" time="5" timestamp="2018-03-20 18:43:13" hostname="Petko - PETBUL" id="Test Suites/TestSuite1">
      <properties>
         <property name="deviceName" value=""/>
         <property name="devicePlatform" value=""/>
         <property name="logFolder" value="C:\\Users\\Petko\\Katalon Studio\\QAWorksAcceptanceTestContactForm\\Reports\\TestSuite1\\20180320_184306"/>
         <property name="logFiles" value="C:\\Users\\Petko\\Katalon Studio\\QAWorksAcceptanceTestContactForm\\Reports\\TestSuite1\\20180320_184306\\execution0.log"/>
         <property name="attachments" value=""/>
         <property name="hostName" value="Petko - PETBUL"/>
         <property name="hostAddress" value="192.168.112.1"/>
         <property name="os" value="Windows 8.1 64bit"/>
         <property name="katalonVersion" value="5.3.1.1"/>
      </properties>
      <testcase name="Test Cases/TestCase01" classname="Test Cases/TestCase01" status="FAILED">
         <failure type="FAILED" message="Unable to open browser with url: '' (Root cause: java.lang.IllegalStateException: The path to the driver executable must be set by the webdriver.gecko.driver system property; for more information, see https://github.com/mozilla/geckodriver. The latest version can be downloaded from https://github.com/mozilla/geckodriver/releases)"/>
         <system-out><![CDATA[2018-03-20 18:43:14 - [TEST_CASE][FAILED] - Test Cases/TestCase01: Test Cases/TestCase01 FAILED because (of) Unable to open browser with url: '' (Root cause: java.lang.IllegalStateException: The path to the driver executable must be set by the webdriver.gecko.driver system property; for more information, see https://github.com/mozilla/geckodriver. The latest version can be downloaded from https://github.com/mozilla/geckodriver/releases)

2018-03-20 18:43:15 - [TEST_STEP][FAILED] - Statement - For ([row = 1, row <= com.kms.katalon.core.testdata.TestDataFactory.findTestData(TestDataQAWorksAcceptanceContactForm).getRowNumbers(), (row++)]): Unable to open browser with url: '' (Root cause: java.lang.IllegalStateException: The path to the driver executable must be set by the webdriver.gecko.driver system property; for more information, see https://github.com/mozilla/geckodriver. The latest version can be downloaded from https://github.com/mozilla/geckodriver/releases)

2018-03-20 18:43:17 - [TEST_STEP][FAILED] - openBrowser: Unable to open browser with url: '' (Root cause: java.lang.IllegalStateException: The path to the driver executable must be set by the webdriver.gecko.driver system property; for more information, see https://github.com/mozilla/geckodriver. The latest version can be downloaded from https://github.com/mozilla/geckodriver/releases)

2018-03-20 18:43:19 - [MESSAGE][FAILED] - Unable to open browser with url: '' (Root cause: java.lang.IllegalStateException: The path to the driver executable must be set by the webdriver.gecko.driver system property; for more information, see https://github.com/mozilla/geckodriver. The latest version can be downloaded from https://github.com/mozilla/geckodriver/releases)]]></system-out>
         <system-err><![CDATA[2018-03-20 18:43:14 - [TEST_CASE][FAILED] - Test Cases/TestCase01: Test Cases/TestCase01 FAILED because (of) Unable to open browser with url: '' (Root cause: java.lang.IllegalStateException: The path to the driver executable must be set by the webdriver.gecko.driver system property; for more information, see https://github.com/mozilla/geckodriver. The latest version can be downloaded from https://github.com/mozilla/geckodriver/releases)]]></system-err>
      </testcase>
      <system-out><![CDATA[2018-03-20 18:43:13 - [TEST_SUITE][FAILED] - TestSuite1: Test Cases/TestCase01 FAILED because (of) Unable to open browser with url: '' (Root cause: java.lang.IllegalStateException: The path to the driver executable must be set by the webdriver.gecko.driver system property; for more information, see https://github.com/mozilla/geckodriver. The latest version can be downloaded from https://github.com/mozilla/geckodriver/releases)]]></system-out>
      <system-err><![CDATA[2018-03-20 18:43:13 - [TEST_SUITE][FAILED] - TestSuite1: Test Cases/TestCase01 FAILED because (of) Unable to open browser with url: '' (Root cause: java.lang.IllegalStateException: The path to the driver executable must be set by the webdriver.gecko.driver system property; for more information, see https://github.com/mozilla/geckodriver. The latest version can be downloaded from https://github.com/mozilla/geckodriver/releases)]]></system-err>
   </testsuite>
</testsuites>
